<!DOCTYPE html PUBLIC "-//W3C//DTD XHTML 1.1//EN" "http://www.w3.org/TR/xhtml11/DTD/xhtml11.dtd">
<html xmlns="http://www.w3.org/1999/xhtml">
<head>
<meta http-equiv="content-type" content="text/html; charset=UTF-8"/>
<title>TestNG Report</title>
<style type="text/css">table {margin-bottom:10px;border-collapse:collapse;empty-cells:show}th,td {border:1px solid #009;padding:.25em .5em}th {vertical-align:bottom}td {vertical-align:top}table a {font-weight:bold}.stripe td {background-color: #E6EBF9}.num {text-align:right}.passedodd td {background-color: #3F3}.passedeven td {background-color: #0A0}.skippedodd td {background-color: #DDD}.skippedeven td {background-color: #CCC}.failedodd td,.attn {background-color: #F33}.failedeven td,.stripe .attn {background-color: #D00}.stacktrace {white-space:pre;font-family:monospace}.totop {font-size:85%;text-align:center;border-bottom:2px solid #000}.invisible {display:none}</style>
</head>
<body>
<table>
<tr><th>Test</th><th># Passed</th><th># Skipped</th><th># Failed</th><th>Time (ms)</th><th>Included Groups</th><th>Excluded Groups</th></tr>
<tr><th colspan="7">pdfEmailTest</th></tr>
<tr><td><a href="#t0">SendPDFEmail</a></td><td class="num">0</td><td class="num">0</td><td class="num attn">2</td><td class="num">27,190</td><td></td><td></td></tr>
</table>
<table id='summary'><thead><tr><th>Class</th><th>Method</th><th>Start</th><th>Time (ms)</th></tr></thead><tbody><tr><th colspan="4">pdfEmailTest</th></tr></tbody><tbody id="t0"><tr><th colspan="4">SendPDFEmail &#8212; failed</th></tr><tr class="failedeven"><td rowspan="2">pdfEmailReport.ApplicationLogin</td><td><a href="#m0">loginToApplication</a></td><td rowspan="1">1548044468667</td><td rowspan="1">6310</td></tr><tr class="failedeven"><td><a href="#m1">registerToApplication</a></td><td rowspan="1">1548044456568</td><td rowspan="1">11018</td></tr></tbody>
</table>
<h2>SendPDFEmail</h2><h3 id="m0">pdfEmailReport.ApplicationLogin#loginToApplication</h3><table class="result"><tr><th>Exception</th></tr><tr><td><div class="stacktrace">java.lang.AssertionError: expected [http://www.gcrit.com/build3/index.php] but found [http://www.gcrit.com/build3/login.php?action=process]
	at pdfEmailReport.ApplicationLogin.loginToApplication(ApplicationLogin.java:98)
... Removed 31 stack frames</div></td></tr></table><p class="totop"><a href="#summary">back to summary</a></p>
<h3 id="m1">pdfEmailReport.ApplicationLogin#registerToApplication</h3><table class="result"><tr><th>Exception</th></tr><tr><td><div class="stacktrace">java.lang.AssertionError: expected [http://www.gcrit.com/build3/create_account_success.php] but found [http://www.gcrit.com/build3/create_account.php]
	at pdfEmailReport.ApplicationLogin.registerToApplication(ApplicationLogin.java:61)
... Removed 31 stack frames</div></td></tr></table><p class="totop"><a href="#summary">back to summary</a></p>
</body>
</html>
