<?xml version="1.0" encoding="UTF-8"?>
<!-- Generated by org.testng.reporters.JUnitXMLReporter -->
<testsuite hostname="JAGA" ignored="0" name="SendPDFEmail" tests="2" failures="2" timestamp="21 Jan 2019 04:21:23 GMT" time="27.19" errors="0">
  <testcase name="registerToApplication" time="11.018" classname="pdfEmailReport.ApplicationLogin">
    <failure type="java.lang.AssertionError" message="expected [http://www.gcrit.com/build3/create_account_success.php] but found [http://www.gcrit.com/build3/create_account.php]">
      <![CDATA[java.lang.AssertionError: expected [http://www.gcrit.com/build3/create_account_success.php] but found [http://www.gcrit.com/build3/create_account.php]
at pdfEmailReport.ApplicationLogin.registerToApplication(ApplicationLogin.java:61)
... Removed 31 stack frames]]>
    </failure>
  </testcase> <!-- registerToApplication -->
  <testcase name="loginToApplication" time="6.31" classname="pdfEmailReport.ApplicationLogin">
    <failure type="java.lang.AssertionError" message="expected [http://www.gcrit.com/build3/index.php] but found [http://www.gcrit.com/build3/login.php?action=process]">
      <![CDATA[java.lang.AssertionError: expected [http://www.gcrit.com/build3/index.php] but found [http://www.gcrit.com/build3/login.php?action=process]
at pdfEmailReport.ApplicationLogin.loginToApplication(ApplicationLogin.java:98)
... Removed 31 stack frames]]>
    </failure>
  </testcase> <!-- loginToApplication -->
</testsuite> <!-- SendPDFEmail -->
